<?xml version="1.0" encoding="UTF-8"?>
<!-- Generated by org.testng.reporters.JUnitXMLReporter -->
<testsuite ignored="4" hostname="MSI" failures="0" tests="5" name="Car Loan" time="0.046" errors="0" timestamp="2024-08-31T12:34:39 IST">
  <testcase classname="test.Day3" name="MobileSignOUT_CarLoan" time="0.006"/>
  <testcase classname="test.Day3" name="MobileSignOUT_CarLoan" time="0.002"/>
  <testcase classname="test.Day3" name="MobileSignOUT_CarLoan" time="0.001"/>
  <testcase classname="test.Day3" name="Modification_CarLoan" time="0.001"/>
  <testcase classname="test.Day3" name="WebLogin_CarLoan" time="0.001"/>
  <testcase classname="test.Day3" name="APILogin_CarLoan" time="0.0">
    <ignored/>
  </testcase> <!-- APILogin_CarLoan -->
  <testcase classname="test.Day3" name="MobileLogin_CarLoan" time="0.0">
    <ignored/>
  </testcase> <!-- MobileLogin_CarLoan -->
  <testcase classname="test.Day3" name="API_SignOut_CarLoan" time="0.0">
    <ignored/>
  </testcase> <!-- API_SignOut_CarLoan -->
  <testcase classname="test.Day3" name="API_SignIn_CarLoan" time="0.0">
    <ignored/>
  </testcase> <!-- API_SignIn_CarLoan -->
</testsuite> <!-- Car Loan -->
