<?xml version="1.0" encoding="UTF-8"?>
<!-- Generated by org.testng.reporters.JUnitXMLReporter -->
<testsuite ignored="10" hostname="MSI" failures="0" tests="1" name="Regression" time="0.034" errors="0" timestamp="2024-08-30T09:05:59 IST">
  <testcase classname="test.Day3" name="WebLogin_CarLoan" time="0.007"/>
  <testcase classname="test.Day3" name="APILogin_CarLoan" time="0.0">
    <ignored/>
  </testcase> <!-- APILogin_CarLoan -->
  <testcase classname="test.Intro_TestNG" name="Name" time="0.0">
    <ignored/>
  </testcase> <!-- Name -->
  <testcase classname="test.Day3" name="MobileLogin_CarLoan" time="0.0">
    <ignored/>
  </testcase> <!-- MobileLogin_CarLoan -->
  <testcase classname="test.Day4" name="WebLogin_HomeLoan" time="0.0">
    <ignored/>
  </testcase> <!-- WebLogin_HomeLoan -->
  <testcase classname="test.Day4" name="MobileLogin_HomeLoan" time="0.0">
    <ignored/>
  </testcase> <!-- MobileLogin_HomeLoan -->
  <testcase classname="test.demo" name="Meth2" time="0.0">
    <ignored/>
  </testcase> <!-- Meth2 -->
  <testcase classname="test.Day3" name="API_SignOut_CarLoan" time="0.0">
    <ignored/>
  </testcase> <!-- API_SignOut_CarLoan -->
  <testcase classname="test.Day4" name="APILogin_HomeLoan" time="0.0">
    <ignored/>
  </testcase> <!-- APILogin_HomeLoan -->
  <testcase classname="test.Day3" name="API_SignIn_CarLoan" time="0.0">
    <ignored/>
  </testcase> <!-- API_SignIn_CarLoan -->
  <testcase classname="test.Intro_TestNG" name="Meth1" time="0.0">
    <ignored/>
  </testcase> <!-- Meth1 -->
</testsuite> <!-- Regression -->
