<?xml version="1.0" encoding="UTF-8"?>
<testng-results ignored="5" total="16" passed="10" failed="1" skipped="0">
  <reporter-output>
  </reporter-output>
  <suite started-at="2024-08-31T12:34:39 IST" name="Loan Department" finished-at="2024-08-31T12:34:39 IST" duration-ms="46">
    <groups>
      <group name="Smoke">
        <method signature="Day3.WebLogin_CarLoan()[pri:0, instance:test.Day3@294425a7]" name="WebLogin_CarLoan" class="test.Day3"/>
      </group> <!-- Smoke -->
    </groups>
    <test started-at="2024-08-31T12:34:39 IST" name="Car Loan" finished-at="2024-08-31T12:34:39 IST" duration-ms="46">
      <class name="test.Day3">
        <test-method is-config="true" signature="Real_Last()[pri:0, instance:test.Day3@294425a7]" started-at="2024-08-31T12:34:39 IST" name="Real_Last" finished-at="2024-08-31T12:34:39 IST" duration-ms="5" status="PASS">
          <reporter-output>
          </reporter-output>
        </test-method> <!-- Real_Last -->
        <test-method is-config="true" signature="bfc()[pri:0, instance:test.Day3@294425a7]" started-at="2024-08-31T12:34:39 IST" name="bfc" finished-at="2024-08-31T12:34:39 IST" duration-ms="1" status="PASS">
          <reporter-output>
          </reporter-output>
        </test-method> <!-- bfc -->
        <test-method is-config="true" signature="BF_Meth()[pri:0, instance:test.Day3@294425a7]" started-at="2024-08-31T12:34:39 IST" name="BF_Meth" finished-at="2024-08-31T12:34:39 IST" duration-ms="1" status="PASS">
          <reporter-output>
          </reporter-output>
        </test-method> <!-- BF_Meth -->
        <test-method signature="MobileSignOUT_CarLoan(java.lang.String,java.lang.String)[pri:0, instance:test.Day3@294425a7]" started-at="2024-08-31T12:34:39 IST" name="MobileSignOUT_CarLoan" data-provider="getData" finished-at="2024-08-31T12:34:39 IST" duration-ms="6" status="PASS">
          <params>
            <param index="0">
              <value>
                <![CDATA[firstsetusername]]>
              </value>
            </param>
            <param index="1">
              <value>
                <![CDATA[password]]>
              </value>
            </param>
          </params>
          <reporter-output>
          </reporter-output>
        </test-method> <!-- MobileSignOUT_CarLoan -->
        <test-method is-config="true" signature="AF_Meth()[pri:0, instance:test.Day3@294425a7]" started-at="2024-08-31T12:34:39 IST" name="AF_Meth" finished-at="2024-08-31T12:34:39 IST" duration-ms="2" status="PASS">
          <reporter-output>
          </reporter-output>
        </test-method> <!-- AF_Meth -->
        <test-method is-config="true" signature="BF_Meth()[pri:0, instance:test.Day3@294425a7]" started-at="2024-08-31T12:34:39 IST" name="BF_Meth" finished-at="2024-08-31T12:34:39 IST" duration-ms="0" status="PASS">
          <reporter-output>
          </reporter-output>
        </test-method> <!-- BF_Meth -->
        <test-method signature="MobileSignOUT_CarLoan(java.lang.String,java.lang.String)[pri:0, instance:test.Day3@294425a7]" started-at="2024-08-31T12:34:39 IST" name="MobileSignOUT_CarLoan" data-provider="getData" finished-at="2024-08-31T12:34:39 IST" duration-ms="2" status="PASS">
          <params>
            <param index="0">
              <value>
                <![CDATA[secondsetusername]]>
              </value>
            </param>
            <param index="1">
              <value>
                <![CDATA[secondpassword]]>
              </value>
            </param>
          </params>
          <reporter-output>
          </reporter-output>
        </test-method> <!-- MobileSignOUT_CarLoan -->
        <test-method is-config="true" signature="AF_Meth()[pri:0, instance:test.Day3@294425a7]" started-at="2024-08-31T12:34:39 IST" name="AF_Meth" finished-at="2024-08-31T12:34:39 IST" duration-ms="1" status="PASS">
          <reporter-output>
          </reporter-output>
        </test-method> <!-- AF_Meth -->
        <test-method is-config="true" signature="BF_Meth()[pri:0, instance:test.Day3@294425a7]" started-at="2024-08-31T12:34:39 IST" name="BF_Meth" finished-at="2024-08-31T12:34:39 IST" duration-ms="0" status="PASS">
          <reporter-output>
          </reporter-output>
        </test-method> <!-- BF_Meth -->
        <test-method signature="MobileSignOUT_CarLoan(java.lang.String,java.lang.String)[pri:0, instance:test.Day3@294425a7]" started-at="2024-08-31T12:34:39 IST" name="MobileSignOUT_CarLoan" data-provider="getData" finished-at="2024-08-31T12:34:39 IST" duration-ms="1" status="PASS">
          <params>
            <param index="0">
              <value>
                <![CDATA[thirdsetusername]]>
              </value>
            </param>
            <param index="1">
              <value>
                <![CDATA[thirdpassword]]>
              </value>
            </param>
          </params>
          <reporter-output>
          </reporter-output>
        </test-method> <!-- MobileSignOUT_CarLoan -->
        <test-method is-config="true" signature="AF_Meth()[pri:0, instance:test.Day3@294425a7]" started-at="2024-08-31T12:34:39 IST" name="AF_Meth" finished-at="2024-08-31T12:34:39 IST" duration-ms="4" status="PASS">
          <reporter-output>
          </reporter-output>
        </test-method> <!-- AF_Meth -->
        <test-method signature="Modification_CarLoan(java.lang.String,java.lang.String)[pri:0, instance:test.Day3@294425a7]" started-at="2024-08-31T12:34:39 IST" name="Modification_CarLoan" finished-at="2024-08-31T12:34:39 IST" duration-ms="1" status="PASS">
          <params>
            <param index="0">
              <value>
                <![CDATA[carLoan.com]]>
              </value>
            </param>
            <param index="1">
              <value>
                <![CDATA[1234567890]]>
              </value>
            </param>
          </params>
          <reporter-output>
          </reporter-output>
        </test-method> <!-- Modification_CarLoan -->
        <test-method is-config="true" signature="BF_Meth()[pri:0, instance:test.Day3@294425a7]" started-at="2024-08-31T12:34:39 IST" name="BF_Meth" finished-at="2024-08-31T12:34:39 IST" duration-ms="0" status="PASS">
          <reporter-output>
          </reporter-output>
        </test-method> <!-- BF_Meth -->
        <test-method is-config="true" signature="AF_Meth()[pri:0, instance:test.Day3@294425a7]" started-at="2024-08-31T12:34:39 IST" name="AF_Meth" finished-at="2024-08-31T12:34:39 IST" duration-ms="0" status="PASS">
          <reporter-output>
          </reporter-output>
        </test-method> <!-- AF_Meth -->
        <test-method signature="WebLogin_CarLoan()[pri:0, instance:test.Day3@294425a7]" started-at="2024-08-31T12:34:39 IST" name="WebLogin_CarLoan" finished-at="2024-08-31T12:34:39 IST" duration-ms="1" status="PASS">
          <reporter-output>
          </reporter-output>
        </test-method> <!-- WebLogin_CarLoan -->
        <test-method is-config="true" signature="BF_Meth()[pri:0, instance:test.Day3@294425a7]" started-at="2024-08-31T12:34:39 IST" name="BF_Meth" finished-at="2024-08-31T12:34:39 IST" duration-ms="0" status="PASS">
          <reporter-output>
          </reporter-output>
        </test-method> <!-- BF_Meth -->
        <test-method is-config="true" signature="AF_Meth()[pri:0, instance:test.Day3@294425a7]" started-at="2024-08-31T12:34:39 IST" name="AF_Meth" finished-at="2024-08-31T12:34:39 IST" duration-ms="0" status="PASS">
          <reporter-output>
          </reporter-output>
        </test-method> <!-- AF_Meth -->
        <test-method is-config="true" signature="afc()[pri:0, instance:test.Day3@294425a7]" started-at="2024-08-31T12:34:39 IST" name="afc" finished-at="2024-08-31T12:34:39 IST" duration-ms="0" status="PASS">
          <reporter-output>
          </reporter-output>
        </test-method> <!-- afc -->
        <test-method is-config="true" signature="Real_First()[pri:0, instance:test.Day3@294425a7]" started-at="2024-08-31T12:34:40 IST" name="Real_First" finished-at="2024-08-31T12:34:40 IST" duration-ms="1" status="PASS">
          <reporter-output>
          </reporter-output>
        </test-method> <!-- Real_First -->
      </class> <!-- test.Day3 -->
    </test> <!-- Car Loan -->
    <test started-at="2024-08-31T12:34:39 IST" name="Personal Loan" finished-at="2024-08-31T12:34:39 IST" duration-ms="44">
      <class name="test.demo">
        <test-method signature="Meth2()[pri:0, instance:test.demo@4ac3c60d]" started-at="2024-08-31T12:34:39 IST" name="Meth2" finished-at="2024-08-31T12:34:39 IST" duration-ms="1" status="PASS">
          <reporter-output>
          </reporter-output>
        </test-method> <!-- Meth2 -->
        <test-method signature="PersonalPara(java.lang.String)[pri:0, instance:test.demo@4ac3c60d]" started-at="2024-08-31T12:34:39 IST" name="PersonalPara" finished-at="2024-08-31T12:34:39 IST" duration-ms="1" status="PASS">
          <params>
            <param index="0">
              <value>
                <![CDATA[personalLoan.com]]>
              </value>
            </param>
          </params>
          <reporter-output>
          </reporter-output>
        </test-method> <!-- PersonalPara -->
      </class> <!-- test.demo -->
      <class name="test.Day4">
        <test-method signature="APILogin_HomeLoan()[pri:0, instance:test.Day4@4facf68f]" started-at="2024-08-31T12:34:39 IST" name="APILogin_HomeLoan" finished-at="2024-08-31T12:34:39 IST" duration-ms="1" status="PASS">
          <reporter-output>
          </reporter-output>
        </test-method> <!-- APILogin_HomeLoan -->
        <test-method signature="MobileLogin_HomeLoan()[pri:0, instance:test.Day4@4facf68f]" started-at="2024-08-31T12:34:39 IST" name="MobileLogin_HomeLoan" finished-at="2024-08-31T12:34:39 IST" duration-ms="4" status="PASS">
          <reporter-output>
          </reporter-output>
        </test-method> <!-- MobileLogin_HomeLoan -->
        <test-method signature="WebLogin_HomeLoan()[pri:0, instance:test.Day4@4facf68f]" started-at="2024-08-31T12:34:39 IST" name="WebLogin_HomeLoan" finished-at="2024-08-31T12:34:39 IST" duration-ms="1" status="PASS">
          <reporter-output>
          </reporter-output>
        </test-method> <!-- WebLogin_HomeLoan -->
      </class> <!-- test.Day4 -->
      <class name="test.Intro_TestNG">
        <test-method is-config="true" signature="first()[pri:0, instance:test.Intro_TestNG@3f197a46]" started-at="2024-08-31T12:34:39 IST" name="first" finished-at="2024-08-31T12:34:39 IST" duration-ms="0" status="PASS">
          <reporter-output>
          </reporter-output>
        </test-method> <!-- first -->
        <test-method signature="Meth1()[pri:0, instance:test.Intro_TestNG@3f197a46]" started-at="2024-08-31T12:34:39 IST" name="Meth1" finished-at="2024-08-31T12:34:39 IST" duration-ms="7" status="FAIL">
          <exception class="java.lang.AssertionError">
            <message>
              <![CDATA[expected [true] but found [false]]]>
            </message>
            <full-stacktrace>
              <![CDATA[java.lang.AssertionError: expected [true] but found [false]
at org.testng.Assert.fail(Assert.java:99)
at org.testng.Assert.failNotEquals(Assert.java:1037)
at org.testng.Assert.assertTrue(Assert.java:45)
at org.testng.Assert.assertTrue(Assert.java:55)
at test.Intro_TestNG.Meth1(Intro_TestNG.java:24)
at java.base/jdk.internal.reflect.DirectMethodHandleAccessor.invoke(DirectMethodHandleAccessor.java:103)
at java.base/java.lang.reflect.Method.invoke(Method.java:580)
at org.testng.internal.MethodInvocationHelper.invokeMethod(MethodInvocationHelper.java:133)
at org.testng.internal.TestInvoker.invokeMethod(TestInvoker.java:598)
at org.testng.internal.TestInvoker.invokeTestMethod(TestInvoker.java:173)
at org.testng.internal.MethodRunner.runInSequence(MethodRunner.java:46)
at org.testng.internal.TestInvoker$MethodInvocationAgent.invoke(TestInvoker.java:824)
at org.testng.internal.TestInvoker.invokeTestMethods(TestInvoker.java:146)
at org.testng.internal.TestMethodWorker.invokeTestMethods(TestMethodWorker.java:146)
at org.testng.internal.TestMethodWorker.run(TestMethodWorker.java:128)
at java.base/java.util.ArrayList.forEach(ArrayList.java:1596)
at org.testng.TestRunner.privateRun(TestRunner.java:794)
at org.testng.TestRunner.run(TestRunner.java:596)
at org.testng.SuiteRunner.runTest(SuiteRunner.java:377)
at org.testng.SuiteRunner.access$000(SuiteRunner.java:28)
at org.testng.SuiteRunner$SuiteWorker.run(SuiteRunner.java:418)
at org.testng.internal.thread.ThreadUtil.lambda$execute$0(ThreadUtil.java:64)
at java.base/java.util.concurrent.FutureTask.run(FutureTask.java:317)
at java.base/java.util.concurrent.ThreadPoolExecutor.runWorker(ThreadPoolExecutor.java:1144)
at java.base/java.util.concurrent.ThreadPoolExecutor$Worker.run(ThreadPoolExecutor.java:642)
at java.base/java.lang.Thread.run(Thread.java:1583)
]]>
            </full-stacktrace>
          </exception> <!-- java.lang.AssertionError -->
          <reporter-output>
          </reporter-output>
        </test-method> <!-- Meth1 -->
        <test-method is-config="true" signature="last()[pri:0, instance:test.Intro_TestNG@3f197a46]" started-at="2024-08-31T12:34:39 IST" name="last" finished-at="2024-08-31T12:34:39 IST" duration-ms="0" status="PASS">
          <reporter-output>
          </reporter-output>
        </test-method> <!-- last -->
      </class> <!-- test.Intro_TestNG -->
    </test> <!-- Personal Loan -->
  </suite> <!-- Loan Department -->
</testng-results>
